<?xml version="1.0" encoding="UTF-8"?>
<!-- Generated by org.testng.reporters.JUnitXMLReporter -->
<testsuite ignored="0" hostname="11154-LAP-0563" failures="1" tests="1" name="LeaderboardTests" time="67.008" errors="0" timestamp="2024-04-28T19:52:54 IST">
  <testcase classname="tests.LeaderboardTests" name="selectDuration" time="30.033">
    <failure type="com.microsoft.playwright.TimeoutError" message="Error {
  message=&amp;apos;Timeout 30000ms exceeded.
  name=&amp;apos;TimeoutError
  stack=&amp;apos;TimeoutError: Timeout 30000ms exceeded.
    at ProgressController.run (C:\Users\Coditas\AppData\Local\Temp\playwright-java-17522576733245355446\package\lib\server\progress.js:78:26)
    at Frame.click (C:\Users\Coditas\AppData\Local\Temp\playwright-java-17522576733245355446\package\lib\server\frames.js:996:23)
    at FrameDispatcher.click (C:\Users\Coditas\AppData\Local\Temp\playwright-java-17522576733245355446\package\lib\server\dispatchers\frameDispatcher.js:158:30)
    at FrameDispatcher._handleCommand (C:\Users\Coditas\AppData\Local\Temp\playwright-java-17522576733245355446\package\lib\server\dispatchers\dispatcher.js:94:40)
    at DispatcherConnection.dispatch (C:\Users\Coditas\AppData\Local\Temp\playwright-java-17522576733245355446\package\lib\server\dispatchers\dispatcher.js:365:39)
}
Call log:
- waiting for locator(&amp;quot;//div[@class=&amp;apos;profile-content-container&amp;apos;]//div[text()=&amp;apos;Month&amp;apos;]&amp;quot;)
">
      <![CDATA[com.microsoft.playwright.TimeoutError: Error {
  message='Timeout 30000ms exceeded.
  name='TimeoutError
  stack='TimeoutError: Timeout 30000ms exceeded.
    at ProgressController.run (C:\Users\Coditas\AppData\Local\Temp\playwright-java-17522576733245355446\package\lib\server\progress.js:78:26)
    at Frame.click (C:\Users\Coditas\AppData\Local\Temp\playwright-java-17522576733245355446\package\lib\server\frames.js:996:23)
    at FrameDispatcher.click (C:\Users\Coditas\AppData\Local\Temp\playwright-java-17522576733245355446\package\lib\server\dispatchers\frameDispatcher.js:158:30)
    at FrameDispatcher._handleCommand (C:\Users\Coditas\AppData\Local\Temp\playwright-java-17522576733245355446\package\lib\server\dispatchers\dispatcher.js:94:40)
    at DispatcherConnection.dispatch (C:\Users\Coditas\AppData\Local\Temp\playwright-java-17522576733245355446\package\lib\server\dispatchers\dispatcher.js:365:39)
}
Call log:
- waiting for locator("//div[@class='profile-content-container']//div[text()='Month']")

at com.microsoft.playwright.impl.WaitableResult.get(WaitableResult.java:52)
at com.microsoft.playwright.impl.ChannelOwner.runUntil(ChannelOwner.java:120)
at com.microsoft.playwright.impl.Connection.sendMessage(Connection.java:130)
at com.microsoft.playwright.impl.ChannelOwner.sendMessage(ChannelOwner.java:106)
at com.microsoft.playwright.impl.FrameImpl.clickImpl(FrameImpl.java:252)
at com.microsoft.playwright.impl.FrameImpl.lambda$click$8(FrameImpl.java:243)
at com.microsoft.playwright.impl.LoggingSupport.lambda$withLogging$0(LoggingSupport.java:36)
at com.microsoft.playwright.impl.LoggingSupport.withLogging(LoggingSupport.java:47)
at com.microsoft.playwright.impl.ChannelOwner.withLogging(ChannelOwner.java:89)
at com.microsoft.playwright.impl.LoggingSupport.withLogging(LoggingSupport.java:35)
at com.microsoft.playwright.impl.FrameImpl.click(FrameImpl.java:243)
at com.microsoft.playwright.impl.LocatorImpl.click(LocatorImpl.java:156)
at com.microsoft.playwright.Locator.click(Locator.java:2387)
at pages.LeaderboardPage.selectLeaderboardDuration(LeaderboardPage.java:15)
at tests.LeaderboardTests.selectDuration(LeaderboardTests.java:13)
at java.base/java.util.ArrayList.forEach(ArrayList.java:1511)
Caused by: com.microsoft.playwright.TimeoutError: Error {
  message='Timeout 30000ms exceeded.
  name='TimeoutError
  stack='TimeoutError: Timeout 30000ms exceeded.
    at ProgressController.run (C:\Users\Coditas\AppData\Local\Temp\playwright-java-17522576733245355446\package\lib\server\progress.js:78:26)
    at Frame.click (C:\Users\Coditas\AppData\Local\Temp\playwright-java-17522576733245355446\package\lib\server\frames.js:996:23)
    at FrameDispatcher.click (C:\Users\Coditas\AppData\Local\Temp\playwright-java-17522576733245355446\package\lib\server\dispatchers\frameDispatcher.js:158:30)
    at FrameDispatcher._handleCommand (C:\Users\Coditas\AppData\Local\Temp\playwright-java-17522576733245355446\package\lib\server\dispatchers\dispatcher.js:94:40)
    at DispatcherConnection.dispatch (C:\Users\Coditas\AppData\Local\Temp\playwright-java-17522576733245355446\package\lib\server\dispatchers\dispatcher.js:365:39)
}
Call log:
- waiting for locator("//div[@class='profile-content-container']//div[text()='Month']")

at com.microsoft.playwright.impl.Connection.dispatch(Connection.java:254)
at com.microsoft.playwright.impl.Connection.processOneMessage(Connection.java:211)
at com.microsoft.playwright.impl.ChannelOwner.runUntil(ChannelOwner.java:118)
... 41 more
... Removed 27 stack frames]]>
    </failure>
  </testcase> <!-- selectDuration -->
</testsuite> <!-- LeaderboardTests -->
