<?xml version="1.0" encoding="UTF-8"?>
<!-- Generated by org.testng.reporters.JUnitXMLReporter -->
<testsuite ignored="0" hostname="11154-LAP-0563" failures="1" tests="1" name="RewardsTests" time="89.114" errors="0" timestamp="2024-04-28T19:51:47 IST">
  <testcase classname="tests.RewardsTests" name="getAllMerchandise" time="30.029">
    <failure type="com.microsoft.playwright.TimeoutError" message="Error {
  message=&amp;apos;Timeout 30000ms exceeded.
  name=&amp;apos;TimeoutError
  stack=&amp;apos;TimeoutError: Timeout 30000ms exceeded.
    at ProgressController.run (C:\Users\Coditas\AppData\Local\Temp\playwright-java-17522576733245355446\package\lib\server\progress.js:78:26)
    at Frame.waitForSelector (C:\Users\Coditas\AppData\Local\Temp\playwright-java-17522576733245355446\package\lib\server\frames.js:619:23)
    at FrameDispatcher.waitForSelector (C:\Users\Coditas\AppData\Local\Temp\playwright-java-17522576733245355446\package\lib\server\dispatchers\frameDispatcher.js:106:103)
    at FrameDispatcher._handleCommand (C:\Users\Coditas\AppData\Local\Temp\playwright-java-17522576733245355446\package\lib\server\dispatchers\dispatcher.js:94:40)
    at DispatcherConnection.dispatch (C:\Users\Coditas\AppData\Local\Temp\playwright-java-17522576733245355446\package\lib\server\dispatchers\dispatcher.js:365:39)
}
Call log:
- waiting for locator(&amp;quot;.navbarList-item a&amp;quot;).first() to be visible
">
      <![CDATA[com.microsoft.playwright.TimeoutError: Error {
  message='Timeout 30000ms exceeded.
  name='TimeoutError
  stack='TimeoutError: Timeout 30000ms exceeded.
    at ProgressController.run (C:\Users\Coditas\AppData\Local\Temp\playwright-java-17522576733245355446\package\lib\server\progress.js:78:26)
    at Frame.waitForSelector (C:\Users\Coditas\AppData\Local\Temp\playwright-java-17522576733245355446\package\lib\server\frames.js:619:23)
    at FrameDispatcher.waitForSelector (C:\Users\Coditas\AppData\Local\Temp\playwright-java-17522576733245355446\package\lib\server\dispatchers\frameDispatcher.js:106:103)
    at FrameDispatcher._handleCommand (C:\Users\Coditas\AppData\Local\Temp\playwright-java-17522576733245355446\package\lib\server\dispatchers\dispatcher.js:94:40)
    at DispatcherConnection.dispatch (C:\Users\Coditas\AppData\Local\Temp\playwright-java-17522576733245355446\package\lib\server\dispatchers\dispatcher.js:365:39)
}
Call log:
- waiting for locator(".navbarList-item a").first() to be visible

at com.microsoft.playwright.impl.WaitableResult.get(WaitableResult.java:52)
at com.microsoft.playwright.impl.ChannelOwner.runUntil(ChannelOwner.java:120)
at com.microsoft.playwright.impl.Connection.sendMessage(Connection.java:130)
at com.microsoft.playwright.impl.ChannelOwner.sendMessage(ChannelOwner.java:106)
at com.microsoft.playwright.impl.FrameImpl.waitForSelectorImpl(FrameImpl.java:1060)
at com.microsoft.playwright.impl.LocatorImpl.lambda$waitForImpl$7(LocatorImpl.java:610)
at com.microsoft.playwright.impl.LoggingSupport.withLogging(LoggingSupport.java:47)
at com.microsoft.playwright.impl.ChannelOwner.withLogging(ChannelOwner.java:89)
at com.microsoft.playwright.impl.LocatorImpl.waitForImpl(LocatorImpl.java:610)
at com.microsoft.playwright.impl.LocatorImpl.waitFor(LocatorImpl.java:606)
at com.microsoft.playwright.Locator.waitFor(Locator.java:5198)
at pages.HomePage.clickTopMenuItem(HomePage.java:22)
at tests.RewardsTests.getAllMerchandise(RewardsTests.java:13)
at java.base/java.util.ArrayList.forEach(ArrayList.java:1511)
Caused by: com.microsoft.playwright.TimeoutError: Error {
  message='Timeout 30000ms exceeded.
  name='TimeoutError
  stack='TimeoutError: Timeout 30000ms exceeded.
    at ProgressController.run (C:\Users\Coditas\AppData\Local\Temp\playwright-java-17522576733245355446\package\lib\server\progress.js:78:26)
    at Frame.waitForSelector (C:\Users\Coditas\AppData\Local\Temp\playwright-java-17522576733245355446\package\lib\server\frames.js:619:23)
    at FrameDispatcher.waitForSelector (C:\Users\Coditas\AppData\Local\Temp\playwright-java-17522576733245355446\package\lib\server\dispatchers\frameDispatcher.js:106:103)
    at FrameDispatcher._handleCommand (C:\Users\Coditas\AppData\Local\Temp\playwright-java-17522576733245355446\package\lib\server\dispatchers\dispatcher.js:94:40)
    at DispatcherConnection.dispatch (C:\Users\Coditas\AppData\Local\Temp\playwright-java-17522576733245355446\package\lib\server\dispatchers\dispatcher.js:365:39)
}
Call log:
- waiting for locator(".navbarList-item a").first() to be visible

at com.microsoft.playwright.impl.Connection.dispatch(Connection.java:254)
at com.microsoft.playwright.impl.Connection.processOneMessage(Connection.java:211)
at com.microsoft.playwright.impl.ChannelOwner.runUntil(ChannelOwner.java:118)
... 39 more
... Removed 27 stack frames]]>
    </failure>
  </testcase> <!-- getAllMerchandise -->
</testsuite> <!-- RewardsTests -->
