<?xml version="1.0" encoding="UTF-8"?>
<testng-results ignored="0" total="2" passed="0" failed="2" skipped="0">
  <reporter-output>
  </reporter-output>
  <suite started-at="2024-04-28T19:50:18 IST" name="Suite" finished-at="2024-04-28T19:52:54 IST" duration-ms="156190">
    <groups>
    </groups>
    <test started-at="2024-04-28T19:50:18 IST" name="RewardsTests" finished-at="2024-04-28T19:51:47 IST" duration-ms="89114">
      <class name="tests.RewardsTests">
        <test-method is-config="true" signature="setup(java.lang.String)[pri:0, instance:tests.RewardsTests@4f67eb2a]" started-at="2024-04-28T19:50:18 IST" name="setup" finished-at="2024-04-28T19:51:17 IST" duration-ms="58666" status="PASS">
          <params>
            <param index="0">
              <value>
                <![CDATA[chromium]]>
              </value>
            </param>
          </params>
          <reporter-output>
          </reporter-output>
        </test-method> <!-- setup -->
        <test-method signature="getAllMerchandise()[pri:0, instance:tests.RewardsTests@4f67eb2a]" started-at="2024-04-28T19:51:17 IST" name="getAllMerchandise" finished-at="2024-04-28T19:51:47 IST" duration-ms="30029" status="FAIL">
          <exception class="com.microsoft.playwright.TimeoutError">
            <message>
              <![CDATA[Error {
  message='Timeout 30000ms exceeded.
  name='TimeoutError
  stack='TimeoutError: Timeout 30000ms exceeded.
    at ProgressController.run (C:\Users\Coditas\AppData\Local\Temp\playwright-java-17522576733245355446\package\lib\server\progress.js:78:26)
    at Frame.waitForSelector (C:\Users\Coditas\AppData\Local\Temp\playwright-java-17522576733245355446\package\lib\server\frames.js:619:23)
    at FrameDispatcher.waitForSelector (C:\Users\Coditas\AppData\Local\Temp\playwright-java-17522576733245355446\package\lib\server\dispatchers\frameDispatcher.js:106:103)
    at FrameDispatcher._handleCommand (C:\Users\Coditas\AppData\Local\Temp\playwright-java-17522576733245355446\package\lib\server\dispatchers\dispatcher.js:94:40)
    at DispatcherConnection.dispatch (C:\Users\Coditas\AppData\Local\Temp\playwright-java-17522576733245355446\package\lib\server\dispatchers\dispatcher.js:365:39)
}
Call log:
- waiting for locator(".navbarList-item a").first() to be visible
]]>
            </message>
            <full-stacktrace>
              <![CDATA[com.microsoft.playwright.TimeoutError: Error {
  message='Timeout 30000ms exceeded.
  name='TimeoutError
  stack='TimeoutError: Timeout 30000ms exceeded.
    at ProgressController.run (C:\Users\Coditas\AppData\Local\Temp\playwright-java-17522576733245355446\package\lib\server\progress.js:78:26)
    at Frame.waitForSelector (C:\Users\Coditas\AppData\Local\Temp\playwright-java-17522576733245355446\package\lib\server\frames.js:619:23)
    at FrameDispatcher.waitForSelector (C:\Users\Coditas\AppData\Local\Temp\playwright-java-17522576733245355446\package\lib\server\dispatchers\frameDispatcher.js:106:103)
    at FrameDispatcher._handleCommand (C:\Users\Coditas\AppData\Local\Temp\playwright-java-17522576733245355446\package\lib\server\dispatchers\dispatcher.js:94:40)
    at DispatcherConnection.dispatch (C:\Users\Coditas\AppData\Local\Temp\playwright-java-17522576733245355446\package\lib\server\dispatchers\dispatcher.js:365:39)
}
Call log:
- waiting for locator(".navbarList-item a").first() to be visible

at com.microsoft.playwright.impl.WaitableResult.get(WaitableResult.java:52)
at com.microsoft.playwright.impl.ChannelOwner.runUntil(ChannelOwner.java:120)
at com.microsoft.playwright.impl.Connection.sendMessage(Connection.java:130)
at com.microsoft.playwright.impl.ChannelOwner.sendMessage(ChannelOwner.java:106)
at com.microsoft.playwright.impl.FrameImpl.waitForSelectorImpl(FrameImpl.java:1060)
at com.microsoft.playwright.impl.LocatorImpl.lambda$waitForImpl$7(LocatorImpl.java:610)
at com.microsoft.playwright.impl.LoggingSupport.withLogging(LoggingSupport.java:47)
at com.microsoft.playwright.impl.ChannelOwner.withLogging(ChannelOwner.java:89)
at com.microsoft.playwright.impl.LocatorImpl.waitForImpl(LocatorImpl.java:610)
at com.microsoft.playwright.impl.LocatorImpl.waitFor(LocatorImpl.java:606)
at com.microsoft.playwright.Locator.waitFor(Locator.java:5198)
at pages.HomePage.clickTopMenuItem(HomePage.java:22)
at tests.RewardsTests.getAllMerchandise(RewardsTests.java:13)
at java.base/jdk.internal.reflect.NativeMethodAccessorImpl.invoke0(Native Method)
at java.base/jdk.internal.reflect.NativeMethodAccessorImpl.invoke(NativeMethodAccessorImpl.java:77)
at java.base/jdk.internal.reflect.DelegatingMethodAccessorImpl.invoke(DelegatingMethodAccessorImpl.java:43)
at java.base/java.lang.reflect.Method.invoke(Method.java:568)
at org.testng.internal.MethodInvocationHelper.invokeMethod(MethodInvocationHelper.java:134)
at org.testng.internal.TestInvoker.invokeMethod(TestInvoker.java:597)
at org.testng.internal.TestInvoker.invokeTestMethod(TestInvoker.java:173)
at org.testng.internal.MethodRunner.runInSequence(MethodRunner.java:46)
at org.testng.internal.TestInvoker$MethodInvocationAgent.invoke(TestInvoker.java:816)
at org.testng.internal.TestInvoker.invokeTestMethods(TestInvoker.java:146)
at org.testng.internal.TestMethodWorker.invokeTestMethods(TestMethodWorker.java:146)
at org.testng.internal.TestMethodWorker.run(TestMethodWorker.java:128)
at java.base/java.util.ArrayList.forEach(ArrayList.java:1511)
at org.testng.TestRunner.privateRun(TestRunner.java:766)
at org.testng.TestRunner.run(TestRunner.java:587)
at org.testng.SuiteRunner.runTest(SuiteRunner.java:384)
at org.testng.SuiteRunner.runSequentially(SuiteRunner.java:378)
at org.testng.SuiteRunner.privateRun(SuiteRunner.java:337)
at org.testng.SuiteRunner.run(SuiteRunner.java:286)
at org.testng.SuiteRunnerWorker.runSuite(SuiteRunnerWorker.java:53)
at org.testng.SuiteRunnerWorker.run(SuiteRunnerWorker.java:96)
at org.testng.TestNG.runSuitesSequentially(TestNG.java:1187)
at org.testng.TestNG.runSuitesLocally(TestNG.java:1109)
at org.testng.TestNG.runSuites(TestNG.java:1039)
at org.testng.TestNG.run(TestNG.java:1007)
at org.testng.remote.AbstractRemoteTestNG.run(AbstractRemoteTestNG.java:115)
at org.testng.remote.RemoteTestNG.initAndRun(RemoteTestNG.java:251)
at org.testng.remote.RemoteTestNG.main(RemoteTestNG.java:77)
Caused by: com.microsoft.playwright.TimeoutError: Error {
  message='Timeout 30000ms exceeded.
  name='TimeoutError
  stack='TimeoutError: Timeout 30000ms exceeded.
    at ProgressController.run (C:\Users\Coditas\AppData\Local\Temp\playwright-java-17522576733245355446\package\lib\server\progress.js:78:26)
    at Frame.waitForSelector (C:\Users\Coditas\AppData\Local\Temp\playwright-java-17522576733245355446\package\lib\server\frames.js:619:23)
    at FrameDispatcher.waitForSelector (C:\Users\Coditas\AppData\Local\Temp\playwright-java-17522576733245355446\package\lib\server\dispatchers\frameDispatcher.js:106:103)
    at FrameDispatcher._handleCommand (C:\Users\Coditas\AppData\Local\Temp\playwright-java-17522576733245355446\package\lib\server\dispatchers\dispatcher.js:94:40)
    at DispatcherConnection.dispatch (C:\Users\Coditas\AppData\Local\Temp\playwright-java-17522576733245355446\package\lib\server\dispatchers\dispatcher.js:365:39)
}
Call log:
- waiting for locator(".navbarList-item a").first() to be visible

at com.microsoft.playwright.impl.Connection.dispatch(Connection.java:254)
at com.microsoft.playwright.impl.Connection.processOneMessage(Connection.java:211)
at com.microsoft.playwright.impl.ChannelOwner.runUntil(ChannelOwner.java:118)
... 39 more
]]>
            </full-stacktrace>
          </exception> <!-- com.microsoft.playwright.TimeoutError -->
          <reporter-output>
          </reporter-output>
        </test-method> <!-- getAllMerchandise -->
        <test-method is-config="true" signature="tearDown()[pri:0, instance:tests.RewardsTests@4f67eb2a]" started-at="2024-04-28T19:51:47 IST" name="tearDown" finished-at="2024-04-28T19:51:47 IST" duration-ms="312" status="PASS">
          <reporter-output>
          </reporter-output>
        </test-method> <!-- tearDown -->
      </class> <!-- tests.RewardsTests -->
    </test> <!-- RewardsTests -->
    <test started-at="2024-04-28T19:51:47 IST" name="LeaderboardTests" finished-at="2024-04-28T19:52:54 IST" duration-ms="67008">
      <class name="tests.LeaderboardTests">
        <test-method is-config="true" signature="setup(java.lang.String)[pri:0, instance:tests.LeaderboardTests@51f116b8]" started-at="2024-04-28T19:51:47 IST" name="setup" finished-at="2024-04-28T19:52:24 IST" duration-ms="36594" status="PASS">
          <params>
            <param index="0">
              <value>
                <![CDATA[chrome]]>
              </value>
            </param>
          </params>
          <reporter-output>
          </reporter-output>
        </test-method> <!-- setup -->
        <test-method signature="selectDuration()[pri:0, instance:tests.LeaderboardTests@51f116b8]" started-at="2024-04-28T19:52:24 IST" name="selectDuration" finished-at="2024-04-28T19:52:54 IST" duration-ms="30033" status="FAIL">
          <exception class="com.microsoft.playwright.TimeoutError">
            <message>
              <![CDATA[Error {
  message='Timeout 30000ms exceeded.
  name='TimeoutError
  stack='TimeoutError: Timeout 30000ms exceeded.
    at ProgressController.run (C:\Users\Coditas\AppData\Local\Temp\playwright-java-17522576733245355446\package\lib\server\progress.js:78:26)
    at Frame.click (C:\Users\Coditas\AppData\Local\Temp\playwright-java-17522576733245355446\package\lib\server\frames.js:996:23)
    at FrameDispatcher.click (C:\Users\Coditas\AppData\Local\Temp\playwright-java-17522576733245355446\package\lib\server\dispatchers\frameDispatcher.js:158:30)
    at FrameDispatcher._handleCommand (C:\Users\Coditas\AppData\Local\Temp\playwright-java-17522576733245355446\package\lib\server\dispatchers\dispatcher.js:94:40)
    at DispatcherConnection.dispatch (C:\Users\Coditas\AppData\Local\Temp\playwright-java-17522576733245355446\package\lib\server\dispatchers\dispatcher.js:365:39)
}
Call log:
- waiting for locator("//div[@class='profile-content-container']//div[text()='Month']")
]]>
            </message>
            <full-stacktrace>
              <![CDATA[com.microsoft.playwright.TimeoutError: Error {
  message='Timeout 30000ms exceeded.
  name='TimeoutError
  stack='TimeoutError: Timeout 30000ms exceeded.
    at ProgressController.run (C:\Users\Coditas\AppData\Local\Temp\playwright-java-17522576733245355446\package\lib\server\progress.js:78:26)
    at Frame.click (C:\Users\Coditas\AppData\Local\Temp\playwright-java-17522576733245355446\package\lib\server\frames.js:996:23)
    at FrameDispatcher.click (C:\Users\Coditas\AppData\Local\Temp\playwright-java-17522576733245355446\package\lib\server\dispatchers\frameDispatcher.js:158:30)
    at FrameDispatcher._handleCommand (C:\Users\Coditas\AppData\Local\Temp\playwright-java-17522576733245355446\package\lib\server\dispatchers\dispatcher.js:94:40)
    at DispatcherConnection.dispatch (C:\Users\Coditas\AppData\Local\Temp\playwright-java-17522576733245355446\package\lib\server\dispatchers\dispatcher.js:365:39)
}
Call log:
- waiting for locator("//div[@class='profile-content-container']//div[text()='Month']")

at com.microsoft.playwright.impl.WaitableResult.get(WaitableResult.java:52)
at com.microsoft.playwright.impl.ChannelOwner.runUntil(ChannelOwner.java:120)
at com.microsoft.playwright.impl.Connection.sendMessage(Connection.java:130)
at com.microsoft.playwright.impl.ChannelOwner.sendMessage(ChannelOwner.java:106)
at com.microsoft.playwright.impl.FrameImpl.clickImpl(FrameImpl.java:252)
at com.microsoft.playwright.impl.FrameImpl.lambda$click$8(FrameImpl.java:243)
at com.microsoft.playwright.impl.LoggingSupport.lambda$withLogging$0(LoggingSupport.java:36)
at com.microsoft.playwright.impl.LoggingSupport.withLogging(LoggingSupport.java:47)
at com.microsoft.playwright.impl.ChannelOwner.withLogging(ChannelOwner.java:89)
at com.microsoft.playwright.impl.LoggingSupport.withLogging(LoggingSupport.java:35)
at com.microsoft.playwright.impl.FrameImpl.click(FrameImpl.java:243)
at com.microsoft.playwright.impl.LocatorImpl.click(LocatorImpl.java:156)
at com.microsoft.playwright.Locator.click(Locator.java:2387)
at pages.LeaderboardPage.selectLeaderboardDuration(LeaderboardPage.java:15)
at tests.LeaderboardTests.selectDuration(LeaderboardTests.java:13)
at java.base/jdk.internal.reflect.NativeMethodAccessorImpl.invoke0(Native Method)
at java.base/jdk.internal.reflect.NativeMethodAccessorImpl.invoke(NativeMethodAccessorImpl.java:77)
at java.base/jdk.internal.reflect.DelegatingMethodAccessorImpl.invoke(DelegatingMethodAccessorImpl.java:43)
at java.base/java.lang.reflect.Method.invoke(Method.java:568)
at org.testng.internal.MethodInvocationHelper.invokeMethod(MethodInvocationHelper.java:134)
at org.testng.internal.TestInvoker.invokeMethod(TestInvoker.java:597)
at org.testng.internal.TestInvoker.invokeTestMethod(TestInvoker.java:173)
at org.testng.internal.MethodRunner.runInSequence(MethodRunner.java:46)
at org.testng.internal.TestInvoker$MethodInvocationAgent.invoke(TestInvoker.java:816)
at org.testng.internal.TestInvoker.invokeTestMethods(TestInvoker.java:146)
at org.testng.internal.TestMethodWorker.invokeTestMethods(TestMethodWorker.java:146)
at org.testng.internal.TestMethodWorker.run(TestMethodWorker.java:128)
at java.base/java.util.ArrayList.forEach(ArrayList.java:1511)
at org.testng.TestRunner.privateRun(TestRunner.java:766)
at org.testng.TestRunner.run(TestRunner.java:587)
at org.testng.SuiteRunner.runTest(SuiteRunner.java:384)
at org.testng.SuiteRunner.runSequentially(SuiteRunner.java:378)
at org.testng.SuiteRunner.privateRun(SuiteRunner.java:337)
at org.testng.SuiteRunner.run(SuiteRunner.java:286)
at org.testng.SuiteRunnerWorker.runSuite(SuiteRunnerWorker.java:53)
at org.testng.SuiteRunnerWorker.run(SuiteRunnerWorker.java:96)
at org.testng.TestNG.runSuitesSequentially(TestNG.java:1187)
at org.testng.TestNG.runSuitesLocally(TestNG.java:1109)
at org.testng.TestNG.runSuites(TestNG.java:1039)
at org.testng.TestNG.run(TestNG.java:1007)
at org.testng.remote.AbstractRemoteTestNG.run(AbstractRemoteTestNG.java:115)
at org.testng.remote.RemoteTestNG.initAndRun(RemoteTestNG.java:251)
at org.testng.remote.RemoteTestNG.main(RemoteTestNG.java:77)
Caused by: com.microsoft.playwright.TimeoutError: Error {
  message='Timeout 30000ms exceeded.
  name='TimeoutError
  stack='TimeoutError: Timeout 30000ms exceeded.
    at ProgressController.run (C:\Users\Coditas\AppData\Local\Temp\playwright-java-17522576733245355446\package\lib\server\progress.js:78:26)
    at Frame.click (C:\Users\Coditas\AppData\Local\Temp\playwright-java-17522576733245355446\package\lib\server\frames.js:996:23)
    at FrameDispatcher.click (C:\Users\Coditas\AppData\Local\Temp\playwright-java-17522576733245355446\package\lib\server\dispatchers\frameDispatcher.js:158:30)
    at FrameDispatcher._handleCommand (C:\Users\Coditas\AppData\Local\Temp\playwright-java-17522576733245355446\package\lib\server\dispatchers\dispatcher.js:94:40)
    at DispatcherConnection.dispatch (C:\Users\Coditas\AppData\Local\Temp\playwright-java-17522576733245355446\package\lib\server\dispatchers\dispatcher.js:365:39)
}
Call log:
- waiting for locator("//div[@class='profile-content-container']//div[text()='Month']")

at com.microsoft.playwright.impl.Connection.dispatch(Connection.java:254)
at com.microsoft.playwright.impl.Connection.processOneMessage(Connection.java:211)
at com.microsoft.playwright.impl.ChannelOwner.runUntil(ChannelOwner.java:118)
... 41 more
]]>
            </full-stacktrace>
          </exception> <!-- com.microsoft.playwright.TimeoutError -->
          <reporter-output>
          </reporter-output>
        </test-method> <!-- selectDuration -->
        <test-method is-config="true" signature="tearDown()[pri:0, instance:tests.LeaderboardTests@51f116b8]" started-at="2024-04-28T19:52:54 IST" name="tearDown" finished-at="2024-04-28T19:52:54 IST" duration-ms="366" status="PASS">
          <reporter-output>
          </reporter-output>
        </test-method> <!-- tearDown -->
      </class> <!-- tests.LeaderboardTests -->
    </test> <!-- LeaderboardTests -->
  </suite> <!-- Suite -->
</testng-results>
